[2023-03-15 11:54:51] [ INFO ] [PacienteDAOH2:20] Conexión OK a la base de datos
[2023-03-15 11:54:52] [ INFO ] [PacienteDAOH2:39] Se ha guardado el paciente con ID: 2
[2023-03-15 12:00:16] [ INFO ] [PacienteDAOH2:20] Conexión OK a la base de datos
[2023-03-15 12:00:16] [ INFO ] [PacienteDAOH2:39] Se ha guardado el paciente con ID: 2
[2023-03-15 12:06:45] [ INFO ] [PacienteDAOH2:20] Conexión OK a la base de datos
[2023-03-15 12:06:45] [ INFO ] [PacienteDAOH2:39] Se ha guardado el paciente con ID: 3
[2023-03-15 12:12:35] [ INFO ] [PacienteDAOH2:20] Conexión OK a la base de datos
[2023-03-15 12:12:35] [ INFO ] [PacienteDAOH2:39] Se ha guardado el paciente con ID: 2
[2023-03-15 12:21:45] [ INFO ] [PacienteDAOH2:20] Conexión OK a la base de datos
[2023-03-15 12:21:45] [ INFO ] [PacienteDAOH2:39] Se ha guardado el paciente con ID: 2
[2023-03-15 12:23:33] [ INFO ] [PacienteDAOH2:20] Conexión OK a la base de datos
[2023-03-15 12:23:34] [ INFO ] [PacienteDAOH2:39] Se ha guardado el paciente con ID: 2
[2023-03-15 12:23:45] [ INFO ] [PacienteDAOH2:94] Se ha eliminado el paciente con ID: 2
[2023-03-15 12:24:15] [ INFO ] [PacienteDAOH2:20] Conexión OK a la base de datos
[2023-03-15 12:24:15] [ INFO ] [PacienteDAOH2:39] Se ha guardado el paciente con ID: 3
[2023-03-15 12:30:19] [ INFO ] [PacienteDAOH2:20] Conexión OK a la base de datos
[2023-03-15 12:30:19] [ INFO ] [PacienteDAOH2:39] Se ha guardado el paciente con ID: 2
[2023-03-15 12:32:04] [ INFO ] [PacienteDAOH2:20] Conexión OK a la base de datos
[2023-03-15 12:32:04] [ INFO ] [PacienteDAOH2:39] Se ha guardado el paciente con ID: 2
[2023-03-15 12:32:14] [ INFO ] [PacienteDAOH2:125] Se ha actualizado el paciente con ID 2
[2023-03-15 14:27:23] [ DEBUG] [OdontologoDAOH2:29] Se ha conectado a la base de datos
[2023-03-15 14:27:23] [ DEBUG] [OdontologoDAOH2:36] Se ha guardado el odontólogo con ID: 2
[2023-03-15 14:28:21] [ DEBUG] [OdontologoDAOH2:145] Se ha conectado a la base de datos
[2023-03-15 14:28:21] [ DEBUG] [OdontologoDAOH2:157] Se ha generado el listado de todos los odontólogos, en total son: 2
[2023-03-15 14:30:12] [ DEBUG] [OdontologoDAOH2:29] Se ha conectado a la base de datos
[2023-03-15 14:30:12] [ DEBUG] [OdontologoDAOH2:36] Se ha guardado el odontólogo con ID: 2
[2023-03-15 14:30:19] [ DEBUG] [OdontologoDAOH2:145] Se ha conectado a la base de datos
[2023-03-15 14:30:19] [ DEBUG] [OdontologoDAOH2:157] Se ha generado el listado de todos los odontólogos, en total son: 2
[2023-03-15 14:30:29] [ INFO ] [OdontologoDAOH2:119] Se ha actualizado el odontólogo con ID 2
[2023-03-15 14:31:04] [ INFO ] [OdontologoDAOH2:92] Se ha eliminado el odontólogo con ID: 2
[2023-03-15 14:31:11] [ DEBUG] [OdontologoDAOH2:145] Se ha conectado a la base de datos
[2023-03-15 14:31:11] [ DEBUG] [OdontologoDAOH2:157] Se ha generado el listado de todos los odontólogos, en total son: 1
[2023-03-17 16:53:01] [ DEBUG] [OdontologoDAOH2:145] Se ha conectado a la base de datos
[2023-03-17 16:53:01] [ DEBUG] [OdontologoDAOH2:157] Se ha generado el listado de todos los odontólogos, en total son: 1
[2023-03-17 16:59:47] [ DEBUG] [OdontologoDAOH2:29] Se ha conectado a la base de datos
[2023-03-17 16:59:47] [ DEBUG] [OdontologoDAOH2:36] Se ha guardado el odontólogo con ID: 2
[2023-03-17 16:59:59] [ DEBUG] [OdontologoDAOH2:145] Se ha conectado a la base de datos
[2023-03-17 16:59:59] [ DEBUG] [OdontologoDAOH2:157] Se ha generado el listado de todos los odontólogos, en total son: 2
[2023-03-17 17:00:17] [ DEBUG] [OdontologoDAOH2:29] Se ha conectado a la base de datos
[2023-03-17 17:00:17] [ DEBUG] [OdontologoDAOH2:36] Se ha guardado el odontólogo con ID: 3
[2023-03-17 17:00:23] [ DEBUG] [OdontologoDAOH2:145] Se ha conectado a la base de datos
[2023-03-17 17:00:23] [ DEBUG] [OdontologoDAOH2:157] Se ha generado el listado de todos los odontólogos, en total son: 3
[2023-03-17 17:06:08] [ DEBUG] [OdontologoDAOH2:145] Se ha conectado a la base de datos
[2023-03-17 17:06:08] [ DEBUG] [OdontologoDAOH2:157] Se ha generado el listado de todos los odontólogos, en total son: 1
[2023-03-17 17:06:15] [ DEBUG] [OdontologoDAOH2:145] Se ha conectado a la base de datos
[2023-03-17 17:06:15] [ DEBUG] [OdontologoDAOH2:157] Se ha generado el listado de todos los odontólogos, en total son: 1
[2023-03-17 17:06:25] [ DEBUG] [OdontologoDAOH2:145] Se ha conectado a la base de datos
[2023-03-17 17:06:25] [ DEBUG] [OdontologoDAOH2:157] Se ha generado el listado de todos los odontólogos, en total son: 1
[2023-03-17 17:07:17] [ DEBUG] [OdontologoDAOH2:145] Se ha conectado a la base de datos
[2023-03-17 17:07:17] [ DEBUG] [OdontologoDAOH2:157] Se ha generado el listado de todos los odontólogos, en total son: 1
[2023-03-17 17:07:33] [ DEBUG] [OdontologoDAOH2:145] Se ha conectado a la base de datos
[2023-03-17 17:07:33] [ DEBUG] [OdontologoDAOH2:157] Se ha generado el listado de todos los odontólogos, en total son: 1
[2023-03-17 17:08:32] [ DEBUG] [OdontologoDAOH2:29] Se ha conectado a la base de datos
[2023-03-17 17:08:32] [ DEBUG] [OdontologoDAOH2:36] Se ha guardado el odontólogo con ID: 2
[2023-03-17 17:08:37] [ DEBUG] [OdontologoDAOH2:145] Se ha conectado a la base de datos
[2023-03-17 17:08:37] [ DEBUG] [OdontologoDAOH2:157] Se ha generado el listado de todos los odontólogos, en total son: 2
[2023-03-17 17:14:02] [ DEBUG] [OdontologoDAOH2:29] Se ha conectado a la base de datos
[2023-03-17 17:14:02] [ DEBUG] [OdontologoDAOH2:36] Se ha guardado el odontólogo con ID: 2
[2023-03-17 17:14:08] [ DEBUG] [OdontologoDAOH2:145] Se ha conectado a la base de datos
[2023-03-17 17:14:08] [ DEBUG] [OdontologoDAOH2:157] Se ha generado el listado de todos los odontólogos, en total son: 2
[2023-03-17 17:27:39] [ DEBUG] [OdontologoDAOH2:29] Se ha conectado a la base de datos
[2023-03-17 17:27:39] [ DEBUG] [OdontologoDAOH2:36] Se ha guardado el odontólogo con ID: 2
[2023-03-17 17:27:48] [ DEBUG] [OdontologoDAOH2:145] Se ha conectado a la base de datos
[2023-03-17 17:27:48] [ DEBUG] [OdontologoDAOH2:157] Se ha generado el listado de todos los odontólogos, en total son: 2
[2023-03-17 17:30:44] [ DEBUG] [OdontologoDAOH2:29] Se ha conectado a la base de datos
[2023-03-17 17:30:44] [ DEBUG] [OdontologoDAOH2:36] Se ha guardado el odontólogo con ID: 2
[2023-03-17 17:30:52] [ DEBUG] [OdontologoDAOH2:145] Se ha conectado a la base de datos
[2023-03-17 17:30:52] [ DEBUG] [OdontologoDAOH2:157] Se ha generado el listado de todos los odontólogos, en total son: 2
[2023-03-17 17:33:34] [ DEBUG] [OdontologoDAOH2:29] Se ha conectado a la base de datos
[2023-03-17 17:33:34] [ DEBUG] [OdontologoDAOH2:36] Se ha guardado el odontólogo con ID: 3
[2023-03-17 17:33:41] [ DEBUG] [OdontologoDAOH2:145] Se ha conectado a la base de datos
[2023-03-17 17:33:41] [ DEBUG] [OdontologoDAOH2:157] Se ha generado el listado de todos los odontólogos, en total son: 3
[2023-03-18 09:55:11] [ DEBUG] [OdontologoDAOH2:29] Se ha conectado a la base de datos
[2023-03-18 09:55:11] [ DEBUG] [OdontologoDAOH2:36] Se ha guardado el odontólogo con ID: 2
[2023-03-18 09:55:16] [ DEBUG] [OdontologoDAOH2:145] Se ha conectado a la base de datos
[2023-03-18 09:55:16] [ DEBUG] [OdontologoDAOH2:157] Se ha generado el listado de todos los odontólogos, en total son: 2
[2023-03-18 09:58:21] [ DEBUG] [OdontologoDAOH2:29] Se ha conectado a la base de datos
[2023-03-18 09:58:21] [ DEBUG] [OdontologoDAOH2:36] Se ha guardado el odontólogo con ID: 3
[2023-03-18 09:58:27] [ DEBUG] [OdontologoDAOH2:145] Se ha conectado a la base de datos
[2023-03-18 09:58:27] [ DEBUG] [OdontologoDAOH2:157] Se ha generado el listado de todos los odontólogos, en total son: 3
[2023-03-18 09:58:47] [ DEBUG] [OdontologoDAOH2:29] Se ha conectado a la base de datos
[2023-03-18 09:58:47] [ DEBUG] [OdontologoDAOH2:36] Se ha guardado el odontólogo con ID: 4
[2023-03-18 09:58:51] [ DEBUG] [OdontologoDAOH2:145] Se ha conectado a la base de datos
[2023-03-18 09:58:51] [ DEBUG] [OdontologoDAOH2:157] Se ha generado el listado de todos los odontólogos, en total son: 4
[2023-03-18 10:03:21] [ DEBUG] [OdontologoDAOH2:29] Se ha conectado a la base de datos
[2023-03-18 10:03:21] [ DEBUG] [OdontologoDAOH2:36] Se ha guardado el odontólogo con ID: 2
[2023-03-18 10:03:26] [ DEBUG] [OdontologoDAOH2:145] Se ha conectado a la base de datos
[2023-03-18 10:03:26] [ DEBUG] [OdontologoDAOH2:157] Se ha generado el listado de todos los odontólogos, en total son: 2
[2023-03-18 10:12:17] [ DEBUG] [OdontologoDAOH2:29] Se ha conectado a la base de datos
[2023-03-18 10:12:17] [ DEBUG] [OdontologoDAOH2:36] Se ha guardado el odontólogo con ID: 2
[2023-03-18 10:12:22] [ DEBUG] [OdontologoDAOH2:145] Se ha conectado a la base de datos
[2023-03-18 10:12:22] [ DEBUG] [OdontologoDAOH2:157] Se ha generado el listado de todos los odontólogos, en total son: 2
[2023-03-18 10:14:02] [ DEBUG] [OdontologoDAOH2:29] Se ha conectado a la base de datos
[2023-03-18 10:14:02] [ DEBUG] [OdontologoDAOH2:36] Se ha guardado el odontólogo con ID: 3
[2023-03-18 10:14:06] [ DEBUG] [OdontologoDAOH2:145] Se ha conectado a la base de datos
[2023-03-18 10:14:06] [ DEBUG] [OdontologoDAOH2:157] Se ha generado el listado de todos los odontólogos, en total son: 3
[2023-03-18 10:21:25] [ DEBUG] [OdontologoDAOH2:29] Se ha conectado a la base de datos
[2023-03-18 10:21:25] [ DEBUG] [OdontologoDAOH2:36] Se ha guardado el odontólogo con ID: 2
[2023-03-18 10:21:32] [ DEBUG] [OdontologoDAOH2:145] Se ha conectado a la base de datos
[2023-03-18 10:21:32] [ DEBUG] [OdontologoDAOH2:157] Se ha generado el listado de todos los odontólogos, en total son: 2
[2023-03-18 10:21:50] [ DEBUG] [OdontologoDAOH2:29] Se ha conectado a la base de datos
[2023-03-18 10:21:50] [ DEBUG] [OdontologoDAOH2:36] Se ha guardado el odontólogo con ID: 3
[2023-03-18 10:21:55] [ DEBUG] [OdontologoDAOH2:145] Se ha conectado a la base de datos
[2023-03-18 10:21:55] [ DEBUG] [OdontologoDAOH2:157] Se ha generado el listado de todos los odontólogos, en total son: 3
[2023-03-18 10:28:07] [ DEBUG] [OdontologoDAOH2:145] Se ha conectado a la base de datos
[2023-03-18 10:28:07] [ DEBUG] [OdontologoDAOH2:157] Se ha generado el listado de todos los odontólogos, en total son: 1
[2023-03-18 10:28:18] [ DEBUG] [OdontologoDAOH2:145] Se ha conectado a la base de datos
[2023-03-18 10:28:18] [ DEBUG] [OdontologoDAOH2:157] Se ha generado el listado de todos los odontólogos, en total son: 1
[2023-03-18 10:28:48] [ DEBUG] [OdontologoDAOH2:145] Se ha conectado a la base de datos
[2023-03-18 10:28:48] [ DEBUG] [OdontologoDAOH2:157] Se ha generado el listado de todos los odontólogos, en total son: 1
[2023-03-18 10:32:33] [ DEBUG] [OdontologoDAOH2:29] Se ha conectado a la base de datos
[2023-03-18 10:32:33] [ DEBUG] [OdontologoDAOH2:36] Se ha guardado el odontólogo con ID: 2
[2023-03-18 10:38:04] [ DEBUG] [OdontologoDAOH2:29] Se ha conectado a la base de datos
[2023-03-18 10:38:04] [ DEBUG] [OdontologoDAOH2:36] Se ha guardado el odontólogo con ID: 2
[2023-03-18 10:41:51] [ DEBUG] [OdontologoDAOH2:29] Se ha conectado a la base de datos
[2023-03-18 10:41:51] [ DEBUG] [OdontologoDAOH2:36] Se ha guardado el odontólogo con ID: 2
[2023-03-18 10:42:03] [ DEBUG] [OdontologoDAOH2:145] Se ha conectado a la base de datos
[2023-03-18 10:42:03] [ DEBUG] [OdontologoDAOH2:157] Se ha generado el listado de todos los odontólogos, en total son: 2
[2023-03-18 12:01:28] [ DEBUG] [OdontologoDAOH2:145] Se ha conectado a la base de datos
[2023-03-18 12:01:28] [ DEBUG] [OdontologoDAOH2:157] Se ha generado el listado de todos los odontólogos, en total son: 1
[2023-03-18 12:01:33] [ DEBUG] [OdontologoDAOH2:29] Se ha conectado a la base de datos
[2023-03-18 12:01:33] [ DEBUG] [OdontologoDAOH2:36] Se ha guardado el odontólogo con ID: 2
[2023-03-18 12:01:37] [ DEBUG] [OdontologoDAOH2:145] Se ha conectado a la base de datos
[2023-03-18 12:01:37] [ DEBUG] [OdontologoDAOH2:157] Se ha generado el listado de todos los odontólogos, en total son: 2
[2023-03-18 12:03:22] [ DEBUG] [OdontologoDAOH2:29] Se ha conectado a la base de datos
[2023-03-18 12:03:22] [ DEBUG] [OdontologoDAOH2:36] Se ha guardado el odontólogo con ID: 2
[2023-03-18 12:03:36] [ DEBUG] [OdontologoDAOH2:29] Se ha conectado a la base de datos
[2023-03-18 12:03:36] [ DEBUG] [OdontologoDAOH2:36] Se ha guardado el odontólogo con ID: 3
[2023-03-18 12:07:37] [ DEBUG] [OdontologoDAOH2:29] Se ha conectado a la base de datos
[2023-03-18 12:07:37] [ DEBUG] [OdontologoDAOH2:36] Se ha guardado el odontólogo con ID: 2
[2023-03-18 12:08:56] [ DEBUG] [OdontologoDAOH2:145] Se ha conectado a la base de datos
[2023-03-18 12:08:56] [ DEBUG] [OdontologoDAOH2:157] Se ha generado el listado de todos los odontólogos, en total son: 2
[2023-03-18 12:09:14] [ DEBUG] [OdontologoDAOH2:29] Se ha conectado a la base de datos
[2023-03-18 12:09:14] [ DEBUG] [OdontologoDAOH2:36] Se ha guardado el odontólogo con ID: 3
[2023-03-18 12:09:18] [ DEBUG] [OdontologoDAOH2:145] Se ha conectado a la base de datos
[2023-03-18 12:09:18] [ DEBUG] [OdontologoDAOH2:157] Se ha generado el listado de todos los odontólogos, en total son: 3
[2023-03-18 12:15:08] [ DEBUG] [OdontologoDAOH2:29] Se ha conectado a la base de datos
[2023-03-18 12:15:08] [ DEBUG] [OdontologoDAOH2:36] Se ha guardado el odontólogo con ID: 2
[2023-03-18 12:15:35] [ DEBUG] [OdontologoDAOH2:145] Se ha conectado a la base de datos
[2023-03-18 12:15:35] [ DEBUG] [OdontologoDAOH2:157] Se ha generado el listado de todos los odontólogos, en total son: 2
[2023-03-18 12:34:54] [ DEBUG] [OdontologoDAOH2:29] Se ha conectado a la base de datos
[2023-03-18 12:34:54] [ DEBUG] [OdontologoDAOH2:36] Se ha guardado el odontólogo con ID: 2
[2023-03-18 12:34:59] [ DEBUG] [OdontologoDAOH2:145] Se ha conectado a la base de datos
[2023-03-18 12:34:59] [ DEBUG] [OdontologoDAOH2:157] Se ha generado el listado de todos los odontólogos, en total son: 2
[2023-03-18 12:35:05] [ DEBUG] [OdontologoDAOH2:29] Se ha conectado a la base de datos
[2023-03-18 12:35:05] [ DEBUG] [OdontologoDAOH2:36] Se ha guardado el odontólogo con ID: 3
[2023-03-18 12:35:08] [ DEBUG] [OdontologoDAOH2:145] Se ha conectado a la base de datos
[2023-03-18 12:35:08] [ DEBUG] [OdontologoDAOH2:157] Se ha generado el listado de todos los odontólogos, en total son: 3
[2023-03-18 12:35:16] [ DEBUG] [OdontologoDAOH2:145] Se ha conectado a la base de datos
[2023-03-18 12:35:16] [ DEBUG] [OdontologoDAOH2:157] Se ha generado el listado de todos los odontólogos, en total son: 3
[2023-03-18 12:37:08] [ DEBUG] [OdontologoDAOH2:29] Se ha conectado a la base de datos
[2023-03-18 12:37:08] [ DEBUG] [OdontologoDAOH2:36] Se ha guardado el odontólogo con ID: 2
[2023-03-18 12:37:13] [ DEBUG] [OdontologoDAOH2:29] Se ha conectado a la base de datos
[2023-03-18 12:37:13] [ DEBUG] [OdontologoDAOH2:36] Se ha guardado el odontólogo con ID: 3
[2023-03-18 12:37:17] [ DEBUG] [OdontologoDAOH2:145] Se ha conectado a la base de datos
[2023-03-18 12:37:17] [ DEBUG] [OdontologoDAOH2:157] Se ha generado el listado de todos los odontólogos, en total son: 3
[2023-03-18 12:37:25] [ DEBUG] [OdontologoDAOH2:145] Se ha conectado a la base de datos
[2023-03-18 12:37:25] [ DEBUG] [OdontologoDAOH2:157] Se ha generado el listado de todos los odontólogos, en total son: 3
[2023-03-18 13:07:56] [ DEBUG] [OdontologoDAOH2:29] Se ha conectado a la base de datos
[2023-03-18 13:07:56] [ DEBUG] [OdontologoDAOH2:36] Se ha guardado el odontólogo con ID: 4
[2023-03-18 13:08:01] [ DEBUG] [OdontologoDAOH2:145] Se ha conectado a la base de datos
[2023-03-18 13:08:01] [ DEBUG] [OdontologoDAOH2:157] Se ha generado el listado de todos los odontólogos, en total son: 4
[2023-03-18 13:08:06] [ DEBUG] [OdontologoDAOH2:145] Se ha conectado a la base de datos
[2023-03-18 13:08:06] [ DEBUG] [OdontologoDAOH2:157] Se ha generado el listado de todos los odontólogos, en total son: 4
[2023-03-18 13:09:54] [ DEBUG] [OdontologoDAOH2:29] Se ha conectado a la base de datos
[2023-03-18 13:09:54] [ DEBUG] [OdontologoDAOH2:36] Se ha guardado el odontólogo con ID: 2
[2023-03-18 13:10:00] [ DEBUG] [OdontologoDAOH2:29] Se ha conectado a la base de datos
[2023-03-18 13:10:00] [ DEBUG] [OdontologoDAOH2:36] Se ha guardado el odontólogo con ID: 3
[2023-03-18 13:10:06] [ DEBUG] [OdontologoDAOH2:29] Se ha conectado a la base de datos
[2023-03-18 13:10:06] [ DEBUG] [OdontologoDAOH2:36] Se ha guardado el odontólogo con ID: 4
[2023-03-18 13:10:09] [ DEBUG] [OdontologoDAOH2:145] Se ha conectado a la base de datos
[2023-03-18 13:10:09] [ DEBUG] [OdontologoDAOH2:157] Se ha generado el listado de todos los odontólogos, en total son: 4
[2023-03-18 13:12:10] [ DEBUG] [OdontologoDAOH2:29] Se ha conectado a la base de datos
[2023-03-18 13:12:10] [ DEBUG] [OdontologoDAOH2:36] Se ha guardado el odontólogo con ID: 2
[2023-03-18 13:12:15] [ DEBUG] [OdontologoDAOH2:29] Se ha conectado a la base de datos
[2023-03-18 13:12:15] [ DEBUG] [OdontologoDAOH2:36] Se ha guardado el odontólogo con ID: 3
[2023-03-18 13:12:17] [ DEBUG] [OdontologoDAOH2:145] Se ha conectado a la base de datos
[2023-03-18 13:12:17] [ DEBUG] [OdontologoDAOH2:157] Se ha generado el listado de todos los odontólogos, en total son: 3
[2023-03-18 13:14:44] [ DEBUG] [OdontologoDAOH2:145] Se ha conectado a la base de datos
[2023-03-18 13:14:44] [ DEBUG] [OdontologoDAOH2:157] Se ha generado el listado de todos los odontólogos, en total son: 1
[2023-03-18 13:14:51] [ DEBUG] [OdontologoDAOH2:29] Se ha conectado a la base de datos
[2023-03-18 13:14:51] [ DEBUG] [OdontologoDAOH2:36] Se ha guardado el odontólogo con ID: 2
[2023-03-18 13:14:53] [ DEBUG] [OdontologoDAOH2:145] Se ha conectado a la base de datos
[2023-03-18 13:14:53] [ DEBUG] [OdontologoDAOH2:157] Se ha generado el listado de todos los odontólogos, en total son: 2
[2023-03-18 13:17:41] [ DEBUG] [OdontologoDAOH2:145] Se ha conectado a la base de datos
[2023-03-18 13:17:41] [ DEBUG] [OdontologoDAOH2:157] Se ha generado el listado de todos los odontólogos, en total son: 2
[2023-03-18 13:19:43] [ DEBUG] [OdontologoDAOH2:29] Se ha conectado a la base de datos
[2023-03-18 13:19:43] [ DEBUG] [OdontologoDAOH2:36] Se ha guardado el odontólogo con ID: 2
[2023-03-18 13:19:47] [ DEBUG] [OdontologoDAOH2:145] Se ha conectado a la base de datos
[2023-03-18 13:19:47] [ DEBUG] [OdontologoDAOH2:157] Se ha generado el listado de todos los odontólogos, en total son: 2
[2023-03-18 13:21:34] [ DEBUG] [OdontologoDAOH2:145] Se ha conectado a la base de datos
[2023-03-18 13:21:34] [ DEBUG] [OdontologoDAOH2:157] Se ha generado el listado de todos los odontólogos, en total son: 2
[2023-03-18 13:24:19] [ DEBUG] [OdontologoDAOH2:145] Se ha conectado a la base de datos
[2023-03-18 13:24:19] [ DEBUG] [OdontologoDAOH2:157] Se ha generado el listado de todos los odontólogos, en total son: 1
[2023-03-18 13:24:20] [ DEBUG] [OdontologoDAOH2:145] Se ha conectado a la base de datos
[2023-03-18 13:24:20] [ DEBUG] [OdontologoDAOH2:157] Se ha generado el listado de todos los odontólogos, en total son: 1
[2023-03-18 13:24:27] [ DEBUG] [OdontologoDAOH2:29] Se ha conectado a la base de datos
[2023-03-18 13:24:27] [ DEBUG] [OdontologoDAOH2:36] Se ha guardado el odontólogo con ID: 2
[2023-03-18 13:24:28] [ DEBUG] [OdontologoDAOH2:145] Se ha conectado a la base de datos
[2023-03-18 13:24:28] [ DEBUG] [OdontologoDAOH2:157] Se ha generado el listado de todos los odontólogos, en total son: 2
[2023-03-18 13:40:17] [ DEBUG] [OdontologoDAOH2:29] Se ha conectado a la base de datos
[2023-03-18 13:40:17] [ DEBUG] [OdontologoDAOH2:36] Se ha guardado el odontólogo con ID: 2
[2023-03-18 13:40:18] [ DEBUG] [OdontologoDAOH2:145] Se ha conectado a la base de datos
[2023-03-18 13:40:18] [ DEBUG] [OdontologoDAOH2:157] Se ha generado el listado de todos los odontólogos, en total son: 2
[2023-03-18 13:40:31] [ INFO ] [OdontologoDAOH2:119] Se ha actualizado el odontólogo con ID 1
[2023-03-18 13:40:32] [ DEBUG] [OdontologoDAOH2:145] Se ha conectado a la base de datos
[2023-03-18 13:40:32] [ DEBUG] [OdontologoDAOH2:157] Se ha generado el listado de todos los odontólogos, en total son: 2
[2023-03-18 13:40:44] [ DEBUG] [OdontologoDAOH2:29] Se ha conectado a la base de datos
[2023-03-18 13:40:44] [ DEBUG] [OdontologoDAOH2:36] Se ha guardado el odontólogo con ID: 3
[2023-03-18 13:40:46] [ DEBUG] [OdontologoDAOH2:145] Se ha conectado a la base de datos
[2023-03-18 13:40:46] [ DEBUG] [OdontologoDAOH2:157] Se ha generado el listado de todos los odontólogos, en total son: 3
[2023-03-18 13:40:57] [ INFO ] [OdontologoDAOH2:119] Se ha actualizado el odontólogo con ID 3
[2023-03-18 13:40:58] [ DEBUG] [OdontologoDAOH2:145] Se ha conectado a la base de datos
[2023-03-18 13:40:58] [ DEBUG] [OdontologoDAOH2:157] Se ha generado el listado de todos los odontólogos, en total son: 3
[2023-03-18 13:44:27] [ DEBUG] [OdontologoDAOH2:29] Se ha conectado a la base de datos
[2023-03-18 13:44:27] [ DEBUG] [OdontologoDAOH2:36] Se ha guardado el odontólogo con ID: 2
[2023-03-18 13:44:32] [ DEBUG] [OdontologoDAOH2:29] Se ha conectado a la base de datos
[2023-03-18 13:44:32] [ DEBUG] [OdontologoDAOH2:36] Se ha guardado el odontólogo con ID: 3
[2023-03-18 13:44:33] [ DEBUG] [OdontologoDAOH2:145] Se ha conectado a la base de datos
[2023-03-18 13:44:33] [ DEBUG] [OdontologoDAOH2:157] Se ha generado el listado de todos los odontólogos, en total son: 3
[2023-03-18 13:44:42] [ INFO ] [OdontologoDAOH2:119] Se ha actualizado el odontólogo con ID 3
[2023-03-18 13:44:42] [ DEBUG] [OdontologoDAOH2:145] Se ha conectado a la base de datos
[2023-03-18 13:44:42] [ DEBUG] [OdontologoDAOH2:157] Se ha generado el listado de todos los odontólogos, en total son: 3
[2023-03-18 13:44:44] [ INFO ] [OdontologoDAOH2:92] Se ha eliminado el odontólogo con ID: 3
[2023-03-18 13:51:20] [ DEBUG] [OdontologoDAOH2:29] Se ha conectado a la base de datos
[2023-03-18 13:51:20] [ DEBUG] [OdontologoDAOH2:36] Se ha guardado el odontólogo con ID: 2
[2023-03-18 13:51:27] [ DEBUG] [OdontologoDAOH2:29] Se ha conectado a la base de datos
[2023-03-18 13:51:27] [ DEBUG] [OdontologoDAOH2:36] Se ha guardado el odontólogo con ID: 3
[2023-03-18 13:51:31] [ DEBUG] [OdontologoDAOH2:145] Se ha conectado a la base de datos
[2023-03-18 13:51:31] [ DEBUG] [OdontologoDAOH2:157] Se ha generado el listado de todos los odontólogos, en total son: 3
[2023-03-18 13:51:42] [ INFO ] [OdontologoDAOH2:119] Se ha actualizado el odontólogo con ID 3
[2023-03-18 13:51:43] [ DEBUG] [OdontologoDAOH2:145] Se ha conectado a la base de datos
[2023-03-18 13:51:43] [ DEBUG] [OdontologoDAOH2:157] Se ha generado el listado de todos los odontólogos, en total son: 3
[2023-03-18 13:51:46] [ INFO ] [OdontologoDAOH2:92] Se ha eliminado el odontólogo con ID: 3
[2023-03-18 13:51:56] [ DEBUG] [OdontologoDAOH2:145] Se ha conectado a la base de datos
[2023-03-18 13:51:56] [ DEBUG] [OdontologoDAOH2:157] Se ha generado el listado de todos los odontólogos, en total son: 2
[2023-03-18 13:52:00] [ INFO ] [OdontologoDAOH2:92] Se ha eliminado el odontólogo con ID: 2
[2023-03-18 14:00:15] [ DEBUG] [OdontologoDAOH2:29] Se ha conectado a la base de datos
[2023-03-18 14:00:15] [ DEBUG] [OdontologoDAOH2:36] Se ha guardado el odontólogo con ID: 2
[2023-03-18 14:00:21] [ DEBUG] [OdontologoDAOH2:145] Se ha conectado a la base de datos
[2023-03-18 14:00:21] [ DEBUG] [OdontologoDAOH2:157] Se ha generado el listado de todos los odontólogos, en total son: 2
[2023-03-18 14:00:33] [ INFO ] [OdontologoDAOH2:119] Se ha actualizado el odontólogo con ID 2
[2023-03-18 14:00:34] [ DEBUG] [OdontologoDAOH2:145] Se ha conectado a la base de datos
[2023-03-18 14:00:34] [ DEBUG] [OdontologoDAOH2:157] Se ha generado el listado de todos los odontólogos, en total son: 2
[2023-03-18 14:00:36] [ INFO ] [OdontologoDAOH2:92] Se ha eliminado el odontólogo con ID: 2
[2023-03-18 14:02:02] [ DEBUG] [OdontologoDAOH2:29] Se ha conectado a la base de datos
[2023-03-18 14:02:02] [ DEBUG] [OdontologoDAOH2:36] Se ha guardado el odontólogo con ID: 2
[2023-03-18 14:02:06] [ DEBUG] [OdontologoDAOH2:145] Se ha conectado a la base de datos
[2023-03-18 14:02:06] [ DEBUG] [OdontologoDAOH2:157] Se ha generado el listado de todos los odontólogos, en total son: 2
[2023-03-18 14:02:07] [ INFO ] [OdontologoDAOH2:92] Se ha eliminado el odontólogo con ID: 2
[2023-03-18 14:03:41] [ DEBUG] [OdontologoDAOH2:29] Se ha conectado a la base de datos
[2023-03-18 14:03:41] [ DEBUG] [OdontologoDAOH2:36] Se ha guardado el odontólogo con ID: 2
[2023-03-18 14:03:46] [ DEBUG] [OdontologoDAOH2:29] Se ha conectado a la base de datos
[2023-03-18 14:03:46] [ DEBUG] [OdontologoDAOH2:36] Se ha guardado el odontólogo con ID: 3
[2023-03-18 14:03:50] [ DEBUG] [OdontologoDAOH2:145] Se ha conectado a la base de datos
[2023-03-18 14:03:50] [ DEBUG] [OdontologoDAOH2:157] Se ha generado el listado de todos los odontólogos, en total son: 3
[2023-03-18 14:03:52] [ INFO ] [OdontologoDAOH2:92] Se ha eliminado el odontólogo con ID: 3
[2023-03-18 14:04:13] [ INFO ] [OdontologoDAOH2:92] Se ha eliminado el odontólogo con ID: 2
[2023-03-18 14:06:30] [ DEBUG] [OdontologoDAOH2:145] Se ha conectado a la base de datos
[2023-03-18 14:06:30] [ DEBUG] [OdontologoDAOH2:157] Se ha generado el listado de todos los odontólogos, en total son: 1
[2023-03-18 14:06:35] [ DEBUG] [OdontologoDAOH2:29] Se ha conectado a la base de datos
[2023-03-18 14:06:35] [ DEBUG] [OdontologoDAOH2:36] Se ha guardado el odontólogo con ID: 4
[2023-03-18 14:06:40] [ DEBUG] [OdontologoDAOH2:145] Se ha conectado a la base de datos
[2023-03-18 14:06:40] [ DEBUG] [OdontologoDAOH2:157] Se ha generado el listado de todos los odontólogos, en total son: 2
[2023-03-18 14:06:44] [ DEBUG] [OdontologoDAOH2:145] Se ha conectado a la base de datos
[2023-03-18 14:06:44] [ DEBUG] [OdontologoDAOH2:157] Se ha generado el listado de todos los odontólogos, en total son: 2
[2023-03-18 14:06:54] [ INFO ] [OdontologoDAOH2:92] Se ha eliminado el odontólogo con ID: 4
[2023-03-18 14:07:02] [ DEBUG] [OdontologoDAOH2:145] Se ha conectado a la base de datos
[2023-03-18 14:07:02] [ DEBUG] [OdontologoDAOH2:157] Se ha generado el listado de todos los odontólogos, en total son: 1
[2023-03-19 09:14:00] [ DEBUG] [OdontologoDAOH2:29] Se ha conectado a la base de datos
[2023-03-19 09:14:00] [ DEBUG] [OdontologoDAOH2:36] Se ha guardado el odontólogo con ID: 2
[2023-03-19 09:14:04] [ DEBUG] [OdontologoDAOH2:145] Se ha conectado a la base de datos
[2023-03-19 09:14:04] [ DEBUG] [OdontologoDAOH2:157] Se ha generado el listado de todos los odontólogos, en total son: 2
[2023-03-19 09:14:12] [ INFO ] [OdontologoDAOH2:92] Se ha eliminado el odontólogo con ID: 2
[2023-03-19 09:15:43] [ DEBUG] [OdontologoDAOH2:29] Se ha conectado a la base de datos
[2023-03-19 09:15:43] [ DEBUG] [OdontologoDAOH2:36] Se ha guardado el odontólogo con ID: 2
[2023-03-19 09:15:47] [ DEBUG] [OdontologoDAOH2:145] Se ha conectado a la base de datos
[2023-03-19 09:15:47] [ DEBUG] [OdontologoDAOH2:157] Se ha generado el listado de todos los odontólogos, en total son: 2
[2023-03-19 09:15:48] [ INFO ] [OdontologoDAOH2:92] Se ha eliminado el odontólogo con ID: 2
[2023-03-19 09:19:02] [ DEBUG] [OdontologoDAOH2:29] Se ha conectado a la base de datos
[2023-03-19 09:19:02] [ DEBUG] [OdontologoDAOH2:36] Se ha guardado el odontólogo con ID: 2
[2023-03-19 09:19:06] [ DEBUG] [OdontologoDAOH2:145] Se ha conectado a la base de datos
[2023-03-19 09:19:06] [ DEBUG] [OdontologoDAOH2:157] Se ha generado el listado de todos los odontólogos, en total son: 2
[2023-03-19 09:19:07] [ INFO ] [OdontologoDAOH2:92] Se ha eliminado el odontólogo con ID: 2
[2023-03-19 09:21:59] [ DEBUG] [OdontologoDAOH2:29] Se ha conectado a la base de datos
[2023-03-19 09:21:59] [ DEBUG] [OdontologoDAOH2:36] Se ha guardado el odontólogo con ID: 2
[2023-03-19 09:22:02] [ DEBUG] [OdontologoDAOH2:145] Se ha conectado a la base de datos
[2023-03-19 09:22:02] [ DEBUG] [OdontologoDAOH2:157] Se ha generado el listado de todos los odontólogos, en total son: 2
[2023-03-19 09:22:04] [ INFO ] [OdontologoDAOH2:92] Se ha eliminado el odontólogo con ID: 2
[2023-03-19 09:24:12] [ DEBUG] [OdontologoDAOH2:145] Se ha conectado a la base de datos
[2023-03-19 09:24:12] [ DEBUG] [OdontologoDAOH2:157] Se ha generado el listado de todos los odontólogos, en total son: 1
[2023-03-19 09:24:21] [ DEBUG] [OdontologoDAOH2:29] Se ha conectado a la base de datos
[2023-03-19 09:24:21] [ DEBUG] [OdontologoDAOH2:36] Se ha guardado el odontólogo con ID: 2
[2023-03-19 09:24:26] [ DEBUG] [OdontologoDAOH2:145] Se ha conectado a la base de datos
[2023-03-19 09:24:26] [ DEBUG] [OdontologoDAOH2:157] Se ha generado el listado de todos los odontólogos, en total son: 2
[2023-03-19 09:24:27] [ INFO ] [OdontologoDAOH2:92] Se ha eliminado el odontólogo con ID: 2
[2023-03-19 09:26:05] [ DEBUG] [OdontologoDAOH2:145] Se ha conectado a la base de datos
[2023-03-19 09:26:05] [ DEBUG] [OdontologoDAOH2:157] Se ha generado el listado de todos los odontólogos, en total son: 1
[2023-03-19 09:26:17] [ DEBUG] [OdontologoDAOH2:29] Se ha conectado a la base de datos
[2023-03-19 09:26:17] [ DEBUG] [OdontologoDAOH2:36] Se ha guardado el odontólogo con ID: 2
[2023-03-19 09:26:21] [ DEBUG] [OdontologoDAOH2:145] Se ha conectado a la base de datos
[2023-03-19 09:26:21] [ DEBUG] [OdontologoDAOH2:157] Se ha generado el listado de todos los odontólogos, en total son: 2
[2023-03-19 09:26:22] [ INFO ] [OdontologoDAOH2:92] Se ha eliminado el odontólogo con ID: 2
[2023-03-19 09:35:42] [ DEBUG] [OdontologoDAOH2:29] Se ha conectado a la base de datos
[2023-03-19 09:35:42] [ DEBUG] [OdontologoDAOH2:36] Se ha guardado el odontólogo con ID: 2
[2023-03-19 09:35:46] [ DEBUG] [OdontologoDAOH2:145] Se ha conectado a la base de datos
[2023-03-19 09:35:46] [ DEBUG] [OdontologoDAOH2:157] Se ha generado el listado de todos los odontólogos, en total son: 2
[2023-03-19 09:35:47] [ INFO ] [OdontologoDAOH2:92] Se ha eliminado el odontólogo con ID: 2
[2023-03-19 09:40:16] [ DEBUG] [OdontologoDAOH2:29] Se ha conectado a la base de datos
[2023-03-19 09:40:16] [ DEBUG] [OdontologoDAOH2:36] Se ha guardado el odontólogo con ID: 2
[2023-03-19 09:40:19] [ DEBUG] [OdontologoDAOH2:145] Se ha conectado a la base de datos
[2023-03-19 09:40:19] [ DEBUG] [OdontologoDAOH2:157] Se ha generado el listado de todos los odontólogos, en total son: 2
[2023-03-19 09:40:22] [ INFO ] [OdontologoDAOH2:92] Se ha eliminado el odontólogo con ID: 2
[2023-03-19 10:11:54] [ DEBUG] [OdontologoDAOH2:29] Se ha conectado a la base de datos
[2023-03-19 10:11:54] [ DEBUG] [OdontologoDAOH2:36] Se ha guardado el odontólogo con ID: 2
[2023-03-19 10:12:18] [ DEBUG] [OdontologoDAOH2:29] Se ha conectado a la base de datos
[2023-03-19 10:12:18] [ DEBUG] [OdontologoDAOH2:36] Se ha guardado el odontólogo con ID: 3
[2023-03-19 10:12:25] [ DEBUG] [OdontologoDAOH2:145] Se ha conectado a la base de datos
[2023-03-19 10:12:25] [ DEBUG] [OdontologoDAOH2:157] Se ha generado el listado de todos los odontólogos, en total son: 3
[2023-03-19 10:12:49] [ INFO ] [OdontologoDAOH2:119] Se ha actualizado el odontólogo con ID 3
[2023-03-19 10:12:49] [ DEBUG] [OdontologoDAOH2:145] Se ha conectado a la base de datos
[2023-03-19 10:12:49] [ DEBUG] [OdontologoDAOH2:157] Se ha generado el listado de todos los odontólogos, en total son: 3
[2023-03-19 10:12:58] [ INFO ] [OdontologoDAOH2:92] Se ha eliminado el odontólogo con ID: 3
[2023-03-19 10:13:08] [ DEBUG] [OdontologoDAOH2:145] Se ha conectado a la base de datos
[2023-03-19 10:13:08] [ DEBUG] [OdontologoDAOH2:157] Se ha generado el listado de todos los odontólogos, en total son: 2
[2023-03-19 10:13:18] [ INFO ] [OdontologoDAOH2:92] Se ha eliminado el odontólogo con ID: 2
[2023-03-20 10:04:20] [ DEBUG] [OdontologoDAOH2:29] Se ha conectado a la base de datos
[2023-03-20 10:04:20] [ DEBUG] [OdontologoDAOH2:36] Se ha guardado el odontólogo con ID: 2
[2023-03-20 10:04:33] [ DEBUG] [OdontologoDAOH2:145] Se ha conectado a la base de datos
[2023-03-20 10:04:33] [ DEBUG] [OdontologoDAOH2:157] Se ha generado el listado de todos los odontólogos, en total son: 2
[2023-03-20 10:04:39] [ INFO ] [OdontologoDAOH2:92] Se ha eliminado el odontólogo con ID: 2
[2023-03-20 10:29:04] [ DEBUG] [OdontologoDAOH2:29] Se ha conectado a la base de datos
[2023-03-20 10:29:04] [ DEBUG] [OdontologoDAOH2:36] Se ha guardado el odontólogo con ID: 2
[2023-03-20 10:29:08] [ DEBUG] [OdontologoDAOH2:145] Se ha conectado a la base de datos
[2023-03-20 10:29:08] [ DEBUG] [OdontologoDAOH2:157] Se ha generado el listado de todos los odontólogos, en total son: 2
[2023-03-20 10:29:11] [ INFO ] [OdontologoDAOH2:92] Se ha eliminado el odontólogo con ID: 2
[2023-03-20 10:34:16] [ DEBUG] [OdontologoDAOH2:29] Se ha conectado a la base de datos
[2023-03-20 10:34:16] [ DEBUG] [OdontologoDAOH2:36] Se ha guardado el odontólogo con ID: 2
[2023-03-20 10:34:19] [ DEBUG] [OdontologoDAOH2:145] Se ha conectado a la base de datos
[2023-03-20 10:34:19] [ DEBUG] [OdontologoDAOH2:157] Se ha generado el listado de todos los odontólogos, en total son: 2
[2023-03-20 10:34:21] [ INFO ] [OdontologoDAOH2:92] Se ha eliminado el odontólogo con ID: 2
[2023-03-20 12:23:31] [ DEBUG] [OdontologoDAOH2:32] Se ha conectado a la base de datos
[2023-03-20 12:23:31] [ DEBUG] [OdontologoDAOH2:39] Se ha guardado el odontólogo con ID: 2
[2023-03-20 12:23:35] [ DEBUG] [OdontologoDAOH2:148] Se ha conectado a la base de datos
[2023-03-20 12:23:35] [ DEBUG] [OdontologoDAOH2:160] Se ha generado el listado de todos los odontólogos, en total son: 2
[2023-03-20 12:23:36] [ INFO ] [OdontologoDAOH2:95] Se ha eliminado el odontólogo con ID: 2
[2023-03-20 13:03:02] [ DEBUG] [OdontologoDAOH2:32] Se ha conectado a la base de datos
[2023-03-20 13:03:02] [ DEBUG] [OdontologoDAOH2:39] Se ha guardado el odontólogo con ID: 2
[2023-03-20 13:03:12] [ DEBUG] [OdontologoDAOH2:148] Se ha conectado a la base de datos
[2023-03-20 13:03:12] [ DEBUG] [OdontologoDAOH2:160] Se ha generado el listado de todos los odontólogos, en total son: 2
[2023-03-20 13:04:14] [ DEBUG] [OdontologoDAOH2:148] Se ha conectado a la base de datos
[2023-03-20 13:04:14] [ DEBUG] [OdontologoDAOH2:160] Se ha generado el listado de todos los odontólogos, en total son: 1
[2023-03-20 13:06:25] [ DEBUG] [OdontologoDAOH2:148] Se ha conectado a la base de datos
[2023-03-20 13:06:25] [ DEBUG] [OdontologoDAOH2:160] Se ha generado el listado de todos los odontólogos, en total son: 1
[2023-03-20 13:08:27] [ DEBUG] [OdontologoDAOH2:148] Se ha conectado a la base de datos
[2023-03-20 13:08:27] [ DEBUG] [OdontologoDAOH2:160] Se ha generado el listado de todos los odontólogos, en total son: 0
[2023-03-20 13:08:31] [ ERROR] [OdontologoDAOH2:166] Se ha generado error con la conexión a la base de datos
[2023-03-20 13:08:58] [ DEBUG] [OdontologoDAOH2:148] Se ha conectado a la base de datos
[2023-03-20 13:08:58] [ DEBUG] [OdontologoDAOH2:160] Se ha generado el listado de todos los odontólogos, en total son: 1
[2023-03-20 13:09:31] [ DEBUG] [OdontologoDAOH2:148] Se ha conectado a la base de datos
[2023-03-20 13:09:31] [ DEBUG] [OdontologoDAOH2:160] Se ha generado el listado de todos los odontólogos, en total son: 1
[2023-03-20 13:36:40] [ DEBUG] [OdontologoDAOH2:148] Se ha conectado a la base de datos
[2023-03-20 13:36:40] [ DEBUG] [OdontologoDAOH2:160] Se ha generado el listado de todos los odontólogos, en total son: 1
[2023-03-20 13:36:45] [ DEBUG] [OdontologoDAOH2:148] Se ha conectado a la base de datos
[2023-03-20 13:36:45] [ DEBUG] [OdontologoDAOH2:160] Se ha generado el listado de todos los odontólogos, en total son: 1
[2023-03-20 13:37:24] [ DEBUG] [OdontologoDAOH2:148] Se ha conectado a la base de datos
[2023-03-20 13:37:24] [ DEBUG] [OdontologoDAOH2:160] Se ha generado el listado de todos los odontólogos, en total son: 1
[2023-03-20 13:37:34] [ DEBUG] [OdontologoDAOH2:148] Se ha conectado a la base de datos
[2023-03-20 13:37:34] [ DEBUG] [OdontologoDAOH2:160] Se ha generado el listado de todos los odontólogos, en total son: 1
[2023-03-20 13:37:40] [ DEBUG] [OdontologoDAOH2:148] Se ha conectado a la base de datos
[2023-03-20 13:37:40] [ DEBUG] [OdontologoDAOH2:160] Se ha generado el listado de todos los odontólogos, en total son: 1
[2023-03-20 13:38:30] [ DEBUG] [OdontologoDAOH2:148] Se ha conectado a la base de datos
[2023-03-20 13:38:30] [ DEBUG] [OdontologoDAOH2:160] Se ha generado el listado de todos los odontólogos, en total son: 1
[2023-03-20 13:38:39] [ DEBUG] [OdontologoDAOH2:148] Se ha conectado a la base de datos
[2023-03-20 13:38:39] [ DEBUG] [OdontologoDAOH2:160] Se ha generado el listado de todos los odontólogos, en total son: 1
[2023-03-20 13:39:39] [ DEBUG] [OdontologoDAOH2:148] Se ha conectado a la base de datos
[2023-03-20 13:39:39] [ DEBUG] [OdontologoDAOH2:160] Se ha generado el listado de todos los odontólogos, en total son: 1
[2023-03-20 13:39:50] [ DEBUG] [OdontologoDAOH2:148] Se ha conectado a la base de datos
[2023-03-20 13:39:50] [ DEBUG] [OdontologoDAOH2:160] Se ha generado el listado de todos los odontólogos, en total son: 1
[2023-03-20 13:39:58] [ DEBUG] [OdontologoDAOH2:148] Se ha conectado a la base de datos
[2023-03-20 13:39:58] [ DEBUG] [OdontologoDAOH2:160] Se ha generado el listado de todos los odontólogos, en total son: 1
[2023-03-20 13:40:44] [ DEBUG] [OdontologoDAOH2:148] Se ha conectado a la base de datos
[2023-03-20 13:40:44] [ DEBUG] [OdontologoDAOH2:160] Se ha generado el listado de todos los odontólogos, en total son: 1
[2023-03-20 13:42:02] [ DEBUG] [OdontologoDAOH2:148] Se ha conectado a la base de datos
[2023-03-20 13:42:02] [ DEBUG] [OdontologoDAOH2:160] Se ha generado el listado de todos los odontólogos, en total son: 1
[2023-03-20 13:42:10] [ DEBUG] [OdontologoDAOH2:32] Se ha conectado a la base de datos
[2023-03-20 13:42:10] [ DEBUG] [OdontologoDAOH2:39] Se ha guardado el odontólogo con ID: 2
[2023-03-20 13:42:15] [ DEBUG] [OdontologoDAOH2:148] Se ha conectado a la base de datos
[2023-03-20 13:42:15] [ DEBUG] [OdontologoDAOH2:160] Se ha generado el listado de todos los odontólogos, en total son: 2
[2023-03-22 09:38:17] [ DEBUG] [OdontologoDAOH2:32] Se ha conectado a la base de datos
[2023-03-22 09:38:17] [ DEBUG] [OdontologoDAOH2:39] Se ha guardado el odontólogo con ID: 2
[2023-03-22 09:38:25] [ DEBUG] [OdontologoDAOH2:148] Se ha conectado a la base de datos
[2023-03-22 09:38:25] [ DEBUG] [OdontologoDAOH2:160] Se ha generado el listado de todos los odontólogos, en total son: 2
[2023-03-22 09:39:27] [ DEBUG] [OdontologoDAOH2:148] Se ha conectado a la base de datos
[2023-03-22 09:39:27] [ DEBUG] [OdontologoDAOH2:160] Se ha generado el listado de todos los odontólogos, en total son: 2
[2023-03-22 09:46:20] [ DEBUG] [OdontologoDAOH2:148] Se ha conectado a la base de datos
[2023-03-22 09:46:20] [ DEBUG] [OdontologoDAOH2:160] Se ha generado el listado de todos los odontólogos, en total son: 1
[2023-03-22 09:46:43] [ DEBUG] [OdontologoDAOH2:148] Se ha conectado a la base de datos
[2023-03-22 09:46:43] [ DEBUG] [OdontologoDAOH2:160] Se ha generado el listado de todos los odontólogos, en total son: 1
[2023-03-22 09:50:11] [ DEBUG] [OdontologoDAOH2:148] Se ha conectado a la base de datos
[2023-03-22 09:50:11] [ DEBUG] [OdontologoDAOH2:160] Se ha generado el listado de todos los odontólogos, en total son: 1
[2023-03-22 09:54:10] [ DEBUG] [OdontologoDAOH2:148] Se ha conectado a la base de datos
[2023-03-22 09:54:10] [ DEBUG] [OdontologoDAOH2:160] Se ha generado el listado de todos los odontólogos, en total son: 1
[2023-03-22 10:07:01] [ DEBUG] [OdontologoDAOH2:148] Se ha conectado a la base de datos
[2023-03-22 10:07:01] [ DEBUG] [OdontologoDAOH2:160] Se ha generado el listado de todos los odontólogos, en total son: 1
[2023-03-22 10:48:05] [ DEBUG] [OdontologoDAOH2:32] Se ha conectado a la base de datos
[2023-03-22 10:48:05] [ DEBUG] [OdontologoDAOH2:39] Se ha guardado el odontólogo con ID: 2
[2023-03-22 10:48:08] [ DEBUG] [OdontologoDAOH2:148] Se ha conectado a la base de datos
[2023-03-22 10:48:08] [ DEBUG] [OdontologoDAOH2:160] Se ha generado el listado de todos los odontólogos, en total son: 2
[2023-03-22 10:48:12] [ DEBUG] [OdontologoDAOH2:148] Se ha conectado a la base de datos
[2023-03-22 10:48:12] [ DEBUG] [OdontologoDAOH2:160] Se ha generado el listado de todos los odontólogos, en total son: 2
[2023-03-22 10:48:18] [ DEBUG] [OdontologoDAOH2:148] Se ha conectado a la base de datos
[2023-03-22 10:48:18] [ DEBUG] [OdontologoDAOH2:160] Se ha generado el listado de todos los odontólogos, en total son: 2
[2023-03-22 10:48:39] [ DEBUG] [OdontologoDAOH2:148] Se ha conectado a la base de datos
[2023-03-22 10:48:39] [ DEBUG] [OdontologoDAOH2:160] Se ha generado el listado de todos los odontólogos, en total son: 2
[2023-03-22 10:49:17] [ DEBUG] [OdontologoDAOH2:148] Se ha conectado a la base de datos
[2023-03-22 10:49:17] [ DEBUG] [OdontologoDAOH2:160] Se ha generado el listado de todos los odontólogos, en total son: 1
[2023-03-22 13:35:07] [ DEBUG] [OdontologoDAOH2:148] Se ha conectado a la base de datos
[2023-03-22 13:35:07] [ DEBUG] [OdontologoDAOH2:160] Se ha generado el listado de todos los odontólogos, en total son: 1
[2023-03-22 14:05:32] [ DEBUG] [OdontologoDAOH2:148] Se ha conectado a la base de datos
[2023-03-22 14:05:32] [ DEBUG] [OdontologoDAOH2:160] Se ha generado el listado de todos los odontólogos, en total son: 1
[2023-03-22 14:07:41] [ DEBUG] [OdontologoDAOH2:148] Se ha conectado a la base de datos
[2023-03-22 14:07:41] [ DEBUG] [OdontologoDAOH2:160] Se ha generado el listado de todos los odontólogos, en total son: 1
[2023-03-22 14:07:48] [ INFO ] [OdontologoDAOH2:122] Se ha actualizado el odontólogo con ID 1
[2023-03-22 14:07:48] [ DEBUG] [OdontologoDAOH2:148] Se ha conectado a la base de datos
[2023-03-22 14:07:48] [ DEBUG] [OdontologoDAOH2:160] Se ha generado el listado de todos los odontólogos, en total son: 1
[2023-03-22 14:09:11] [ DEBUG] [OdontologoDAOH2:148] Se ha conectado a la base de datos
[2023-03-22 14:09:11] [ DEBUG] [OdontologoDAOH2:160] Se ha generado el listado de todos los odontólogos, en total son: 1
[2023-03-22 14:27:20] [ DEBUG] [OdontologoDAOH2:32] Se ha conectado a la base de datos
[2023-03-22 14:27:20] [ DEBUG] [OdontologoDAOH2:39] Se ha guardado el odontólogo con ID: 2
[2023-03-22 14:27:27] [ DEBUG] [OdontologoDAOH2:148] Se ha conectado a la base de datos
[2023-03-22 14:27:27] [ DEBUG] [OdontologoDAOH2:160] Se ha generado el listado de todos los odontólogos, en total son: 2
[2023-03-22 14:27:41] [ INFO ] [OdontologoDAOH2:95] Se ha eliminado el odontólogo con ID: 2
[2023-03-22 14:28:03] [ DEBUG] [OdontologoDAOH2:148] Se ha conectado a la base de datos
[2023-03-22 14:28:03] [ DEBUG] [OdontologoDAOH2:160] Se ha generado el listado de todos los odontólogos, en total son: 1
[2023-03-22 14:28:13] [ INFO ] [OdontologoDAOH2:95] Se ha eliminado el odontólogo con ID: 1
[2023-03-22 14:49:28] [ INFO ] [PacienteDAOH2:99] Se ha eliminado el paciente con ID: 1
[2023-03-22 15:07:29] [ INFO ] [PacienteDAOH2:27] Conexión OK a la base de datos
[2023-03-22 15:07:29] [ INFO ] [PacienteDAOH2:45] Se ha guardado el paciente con ID: 2
[2023-03-22 15:14:44] [ INFO ] [PacienteDAOH2:27] Conexión OK a la base de datos
[2023-03-22 15:14:44] [ INFO ] [PacienteDAOH2:45] Se ha guardado el paciente con ID: 2
[2023-03-22 15:29:33] [ INFO ] [PacienteDAOH2:27] Conexión OK a la base de datos
[2023-03-22 15:29:34] [ INFO ] [PacienteDAOH2:45] Se ha guardado el paciente con ID: 2
[2023-03-22 15:29:47] [ INFO ] [PacienteDAOH2:99] Se ha eliminado el paciente con ID: 2
[2023-03-22 15:44:12] [ INFO ] [PacienteDAOH2:27] Conexión OK a la base de datos
[2023-03-22 15:44:12] [ INFO ] [PacienteDAOH2:45] Se ha guardado el paciente con ID: 2
[2023-03-22 15:47:05] [ INFO ] [PacienteDAOH2:27] Conexión OK a la base de datos
[2023-03-22 15:47:05] [ INFO ] [PacienteDAOH2:45] Se ha guardado el paciente con ID: 2
[2023-03-22 15:52:58] [ INFO ] [PacienteDAOH2:27] Conexión OK a la base de datos
[2023-03-22 15:52:58] [ INFO ] [PacienteDAOH2:45] Se ha guardado el paciente con ID: 2
[2023-03-22 15:53:29] [ INFO ] [PacienteDAOH2:130] Se ha actualizado el paciente con ID 2
[2023-03-22 15:54:54] [ INFO ] [PacienteDAOH2:27] Conexión OK a la base de datos
[2023-03-22 15:54:54] [ INFO ] [PacienteDAOH2:45] Se ha guardado el paciente con ID: 2
[2023-03-22 15:55:05] [ INFO ] [PacienteDAOH2:130] Se ha actualizado el paciente con ID 2
[2023-03-22 16:02:40] [ INFO ] [PacienteDAOH2:99] Se ha eliminado el paciente con ID: 2
[2023-03-24 16:32:48] [ DEBUG] [OdontologoDAOH2:32] Se ha conectado a la base de datos
[2023-03-24 16:32:48] [ DEBUG] [OdontologoDAOH2:39] Se ha guardado el odontólogo con ID: 2
[2023-03-24 16:32:59] [ DEBUG] [OdontologoDAOH2:148] Se ha conectado a la base de datos
[2023-03-24 16:32:59] [ DEBUG] [OdontologoDAOH2:160] Se ha generado el listado de todos los odontólogos, en total son: 2
[2023-03-24 16:33:49] [ INFO ] [PacienteDAOH2:27] Conexión OK a la base de datos
[2023-03-24 16:33:49] [ INFO ] [PacienteDAOH2:45] Se ha guardado el paciente con ID: 2
[2023-03-24 16:34:07] [ INFO ] [PacienteDAOH2:130] Se ha actualizado el paciente con ID 2
[2023-03-25 10:05:01] [ DEBUG] [OdontologoDAOH2:148] Se ha conectado a la base de datos
[2023-03-25 10:05:01] [ DEBUG] [OdontologoDAOH2:160] Se ha generado el listado de todos los odontólogos, en total son: 1
[2023-03-25 10:09:30] [ DEBUG] [OdontologoDAOH2:148] Se ha conectado a la base de datos
[2023-03-25 10:09:30] [ DEBUG] [OdontologoDAOH2:160] Se ha generado el listado de todos los odontólogos, en total son: 1
[2023-03-25 10:21:46] [ DEBUG] [TurnoDAOLista:18] Se ha agregado un turno
[2023-03-25 10:22:01] [ DEBUG] [TurnoDAOLista:18] Se ha agregado un turno
[2023-03-25 10:25:49] [ DEBUG] [TurnoDAOLista:18] Se ha agregado un turno
[2023-03-25 10:26:00] [ DEBUG] [TurnoDAOLista:18] Se ha agregado un turno
[2023-03-25 10:35:14] [ DEBUG] [OdontologoDAOH2:148] Se ha conectado a la base de datos
[2023-03-25 10:35:14] [ DEBUG] [OdontologoDAOH2:160] Se ha generado el listado de todos los odontólogos, en total son: 1
[2023-03-25 10:37:21] [ DEBUG] [TurnoDAOLista:18] Se ha agregado un turno
[2023-03-25 10:37:36] [ DEBUG] [TurnoDAOLista:18] Se ha agregado un turno
[2023-03-25 11:38:41] [ DEBUG] [TurnoDAOLista:18] Se ha agregado un turno
[2023-03-25 11:38:52] [ DEBUG] [TurnoDAOLista:18] Se ha agregado un turno
[2023-03-25 11:52:12] [ DEBUG] [TurnoDAOLista:18] Se ha agregado un turno
[2023-03-25 11:53:01] [ DEBUG] [TurnoDAOLista:18] Se ha agregado un turno
[2023-03-25 11:53:12] [ DEBUG] [TurnoDAOLista:38] Se ha eliminado el turno con id: 2
[2023-03-25 12:24:50] [ DEBUG] [TurnoDAOLista:18] Se ha agregado un turno
[2023-03-25 12:24:58] [ DEBUG] [TurnoDAOLista:18] Se ha agregado un turno
[2023-03-25 12:26:49] [ DEBUG] [TurnoDAOLista:18] Se ha agregado un turno
[2023-03-25 12:27:00] [ DEBUG] [TurnoDAOLista:18] Se ha agregado un turno
[2023-03-25 12:29:10] [ DEBUG] [TurnoDAOLista:18] Se ha agregado un turno
[2023-03-25 12:29:19] [ DEBUG] [TurnoDAOLista:18] Se ha agregado un turno
[2023-03-25 12:35:31] [ DEBUG] [TurnoDAOLista:18] Se ha agregado un turno
[2023-03-25 12:35:42] [ DEBUG] [TurnoDAOLista:18] Se ha agregado un turno
[2023-03-25 12:37:36] [ DEBUG] [TurnoDAOLista:18] Se ha agregado un turno
[2023-03-25 12:37:46] [ DEBUG] [TurnoDAOLista:18] Se ha agregado un turno
[2023-03-25 12:42:01] [ DEBUG] [TurnoDAOLista:18] Se ha agregado un turno
[2023-03-25 12:42:09] [ DEBUG] [TurnoDAOLista:18] Se ha agregado un turno
[2023-03-25 12:45:27] [ DEBUG] [TurnoDAOLista:38] Se ha eliminado el turno con id: 2
[2023-03-25 12:45:27] [ DEBUG] [TurnoDAOLista:18] Se ha agregado un turno
[2023-03-25 12:47:26] [ DEBUG] [TurnoDAOLista:18] Se ha agregado un turno
[2023-03-25 12:47:35] [ DEBUG] [TurnoDAOLista:18] Se ha agregado un turno
[2023-03-25 12:47:47] [ DEBUG] [TurnoDAOLista:38] Se ha eliminado el turno con id: 2
[2023-03-25 12:47:47] [ DEBUG] [TurnoDAOLista:18] Se ha agregado un turno
[2023-03-25 12:55:17] [ DEBUG] [TurnoDAOLista:18] Se ha agregado un turno
[2023-03-25 12:55:24] [ DEBUG] [TurnoDAOLista:18] Se ha agregado un turno
